<?xml version="1.0" encoding="UTF-8"?>
<!-- Generated by org.testng.reporters.JUnitReportReporter -->
<testsuite hostname="ca63c7b4f819506" failures="0" tests="2" name="com.ust.test.ThirdTest" time="0.007" errors="0" timestamp="2023-03-30T16:50:55 IST" skipped="0">
  <testcase classname="com.ust.test.ThirdTest" name="f" time="0.002"/>
  <system-out/>
  <testcase classname="com.ust.test.ThirdTest" name="a" time="0.005"/>
  <system-out/>
</testsuite> <!-- com.ust.test.ThirdTest -->
