<?xml version="1.0" encoding="UTF-8"?>
<!-- Generated by org.testng.reporters.JUnitReportReporter -->
<testsuite hostname="ca63c7b4f819506" failures="0" tests="1" name="com.ust.test.firstTest" time="13.392" errors="0" timestamp="2023-03-30T16:32:01 IST" skipped="0">
  <testcase classname="com.ust.test.firstTest" name="TestGoogle" time="13.392"/>
  <system-out/>
</testsuite> <!-- com.ust.test.firstTest -->
